<?xml version="1.0" encoding="UTF-8"?>
<testsuites>
  <testsuite name="test" tests="15" assertions="13" failures="0" errors="1" time="0.047501">
    <testsuite name="Ibonly\PotatoORM\Test\DatabaseQueryTest" file="C:\Users\ebuka\Documents\Workspace\package\SugarORM\test\DatabaseQueryTest.php" tests="1" assertions="1" failures="0" errors="0" time="0.000000">
      <testcase name="testSelectQuery" class="Ibonly\PotatoORM\Test\DatabaseQueryTest" file="C:\Users\ebuka\Documents\Workspace\package\SugarORM\test\DatabaseQueryTest.php" line="44" assertions="1" time="0.000000"/>
    </testsuite>
    <testsuite name="ModelTest" file="C:\Users\ebuka\Documents\Workspace\package\SugarORM\test\ModelTest.php" tests="4" assertions="3" failures="0" errors="1" time="0.045001">
      <testcase name="testGetClassName" class="ModelTest" file="C:\Users\ebuka\Documents\Workspace\package\SugarORM\test\ModelTest.php" line="47" assertions="1" time="0.037501"/>
      <testcase name="testStripclassName" class="ModelTest" file="C:\Users\ebuka\Documents\Workspace\package\SugarORM\test\ModelTest.php" line="56" assertions="1" time="0.002500"/>
      <testcase name="testGetAll" class="ModelTest" file="C:\Users\ebuka\Documents\Workspace\package\SugarORM\test\ModelTest.php" line="81" assertions="1" time="0.002500"/>
      <testcase name="testFind" class="ModelTest" file="C:\Users\ebuka\Documents\Workspace\package\SugarORM\test\ModelTest.php" line="95" assertions="0" time="0.002500">
        <error type="PHPUnit_Framework_ExceptionWrapper">ModelTest::testFind
Mockery\Exception\NoMatchingExpectationException: No matching handler found for Mockery_0_Ibonly_PotatoORM_DBConfig::prepare("SELECT id FROM modeltests"). Either the method was unexpected or its arguments matched no expected argument list for this method&#13;
&#13;


C:\Users\ebuka\Documents\Workspace\package\SugarORM\vendor\mockery\mockery\library\Mockery\ExpectationDirector.php:93
C:\Users\ebuka\Documents\Workspace\package\SugarORM\src\Database\DatabaseQuery.php:113
C:\Users\ebuka\Documents\Workspace\package\SugarORM\src\Database\DatabaseQuery.php:206
C:\Users\ebuka\Documents\Workspace\package\SugarORM\src\Helper\Model.php:99
C:\Users\ebuka\Documents\Workspace\package\SugarORM\src\Helper\Model.php:126
C:\Users\ebuka\Documents\Workspace\package\SugarORM\test\ModelTest.php:104
</error>
      </testcase>
    </testsuite>
    <testsuite name="Ibonly\PotatoORM\Test\SchemaTest" file="C:\Users\ebuka\Documents\Workspace\package\SugarORM\test\SchemaTest.php" tests="10" assertions="9" failures="0" errors="0" time="0.002500">
      <testcase name="testIncrements" class="Ibonly\PotatoORM\Test\SchemaTest" file="C:\Users\ebuka\Documents\Workspace\package\SugarORM\test\SchemaTest.php" line="23" assertions="1" time="0.000000"/>
      <testcase name="testStrings" class="Ibonly\PotatoORM\Test\SchemaTest" file="C:\Users\ebuka\Documents\Workspace\package\SugarORM\test\SchemaTest.php" line="32" assertions="1" time="0.000000"/>
      <testcase name="testText" class="Ibonly\PotatoORM\Test\SchemaTest" file="C:\Users\ebuka\Documents\Workspace\package\SugarORM\test\SchemaTest.php" line="41" assertions="1" time="0.002500"/>
      <testcase name="testInteger" class="Ibonly\PotatoORM\Test\SchemaTest" file="C:\Users\ebuka\Documents\Workspace\package\SugarORM\test\SchemaTest.php" line="50" assertions="1" time="0.000000"/>
      <testcase name="testPrimaryKey" class="Ibonly\PotatoORM\Test\SchemaTest" file="C:\Users\ebuka\Documents\Workspace\package\SugarORM\test\SchemaTest.php" line="59" assertions="1" time="0.000000"/>
      <testcase name="testUnique" class="Ibonly\PotatoORM\Test\SchemaTest" file="C:\Users\ebuka\Documents\Workspace\package\SugarORM\test\SchemaTest.php" line="68" assertions="1" time="0.000000"/>
      <testcase name="testForeignKey" class="Ibonly\PotatoORM\Test\SchemaTest" file="C:\Users\ebuka\Documents\Workspace\package\SugarORM\test\SchemaTest.php" line="77" assertions="1" time="0.000000"/>
      <testcase name="testBuildQuery" class="Ibonly\PotatoORM\Test\SchemaTest" file="C:\Users\ebuka\Documents\Workspace\package\SugarORM\test\SchemaTest.php" line="86" assertions="1" time="0.000000"/>
      <testcase name="testSanitizeQuery" class="Ibonly\PotatoORM\Test\SchemaTest" file="C:\Users\ebuka\Documents\Workspace\package\SugarORM\test\SchemaTest.php" line="95" assertions="1" time="0.000000"/>
      <testcase name="testCreateTableException" class="Ibonly\PotatoORM\Test\SchemaTest" file="C:\Users\ebuka\Documents\Workspace\package\SugarORM\test\SchemaTest.php" line="104" assertions="0" time="0.000000"/>
    </testsuite>
  </testsuite>
</testsuites>
